<?xml version="1.0" encoding="UTF-8"?>
<testng-results skipped="0" failed="0" ignored="0" total="1" passed="1">
  <reporter-output>
  </reporter-output>
  <suite name="Default suite" duration-ms="34" started-at="2017-05-25T06:30:02Z" finished-at="2017-05-25T06:30:02Z">
    <groups>
    </groups>
    <test name="Default test" duration-ms="34" started-at="2017-05-25T06:30:02Z" finished-at="2017-05-25T06:30:02Z">
      <class name="NewTest">
        <test-method status="PASS" signature="f()[pri:0, instance:NewTest@174d20a]" name="f" duration-ms="10" started-at="2017-05-25T12:00:02Z" finished-at="2017-05-25T12:00:02Z">
          <reporter-output>
          </reporter-output>
        </test-method> <!-- f -->
      </class> <!-- NewTest -->
    </test> <!-- Default test -->
  </suite> <!-- Default suite -->
</testng-results>
