<?xml version="1.0" encoding="UTF-8"?>
<testng-results skipped="0" failed="0" ignored="0" total="1" passed="1">
  <reporter-output>
  </reporter-output>
  <suite name="Default suite" duration-ms="12558" started-at="2017-03-31T07:37:19Z" finished-at="2017-03-31T07:37:31Z">
    <groups>
    </groups>
    <test name="Default test" duration-ms="12558" started-at="2017-03-31T07:37:19Z" finished-at="2017-03-31T07:37:31Z">
      <class name="com.test.utils.NewTest">
        <test-method status="PASS" signature="f()[pri:0, instance:com.test.utils.NewTest@39aeed2f]" name="f" duration-ms="10" started-at="2017-03-31T13:07:19Z" finished-at="2017-03-31T13:07:19Z">
          <reporter-output>
          </reporter-output>
        </test-method> <!-- f -->
        <test-method status="PASS" signature="afterClass()[pri:0, instance:com.test.utils.NewTest@39aeed2f]" name="afterClass" is-config="true" duration-ms="12524" started-at="2017-03-31T13:07:19Z" finished-at="2017-03-31T13:07:31Z">
          <reporter-output>
          </reporter-output>
        </test-method> <!-- afterClass -->
      </class> <!-- com.test.utils.NewTest -->
    </test> <!-- Default test -->
  </suite> <!-- Default suite -->
</testng-results>
