<?xml version="1.0" encoding="UTF-8"?>
<!-- Generated by org.testng.reporters.JUnitXMLReporter -->
<testsuite hostname="MdAshrafs-MacBook-Pro.local" ignored="0" name="Default test" tests="6" failures="0" timestamp="27 Feb 2017 08:44:43 GMT" time="0.138" errors="0">
  <testcase name="@BeforeClass beforeClass" time="0.0" classname="com.wuu.android.test.BaseTest">
    <failure type="java.lang.NoSuchFieldError" message="INSTANCE">
      <![CDATA[java.lang.NoSuchFieldError: INSTANCE
	at org.apache.http.conn.ssl.SSLConnectionSocketFactory.<clinit>(SSLConnectionSocketFactory.java:144)
	at org.openqa.selenium.remote.internal.HttpClientFactory.getClientConnectionManager(HttpClientFactory.java:71)
	at org.openqa.selenium.remote.internal.HttpClientFactory.<init>(HttpClientFactory.java:57)
	at org.openqa.selenium.remote.internal.HttpClientFactory.<init>(HttpClientFactory.java:60)
	at org.openqa.selenium.remote.internal.ApacheHttpClient$Factory.getDefaultHttpClientFactory(ApacheHttpClient.java:251)
	at org.openqa.selenium.remote.internal.ApacheHttpClient$Factory.<init>(ApacheHttpClient.java:228)
	at org.openqa.selenium.remote.HttpCommandExecutor.getDefaultClientFactory(HttpCommandExecutor.java:89)
	at org.openqa.selenium.remote.HttpCommandExecutor.<init>(HttpCommandExecutor.java:63)
	at io.appium.java_client.remote.AppiumCommandExecutor.<init>(AppiumCommandExecutor.java:36)
	at io.appium.java_client.AppiumDriver.<init>(AppiumDriver.java:167)
	at io.appium.java_client.android.AndroidDriver.<init>(AndroidDriver.java:69)
	at com.wuu.android.test.util.Utils.getDriver(Utils.java:41)
	at com.wuu.android.test.BaseTest.beforeClass(BaseTest.java:26)
	at sun.reflect.NativeMethodAccessorImpl.invoke0(Native Method)
	at sun.reflect.NativeMethodAccessorImpl.invoke(NativeMethodAccessorImpl.java:62)
	at sun.reflect.DelegatingMethodAccessorImpl.invoke(DelegatingMethodAccessorImpl.java:43)
	at java.lang.reflect.Method.invoke(Method.java:498)
	at org.testng.internal.MethodInvocationHelper.invokeMethod(MethodInvocationHelper.java:104)
	at org.testng.internal.Invoker.invokeConfigurationMethod(Invoker.java:515)
	at org.testng.internal.Invoker.invokeConfigurations(Invoker.java:217)
	at org.testng.internal.Invoker.invokeConfigurations(Invoker.java:144)
	at org.testng.internal.TestMethodWorker.invokeBeforeClassMethods(TestMethodWorker.java:169)
	at org.testng.internal.TestMethodWorker.run(TestMethodWorker.java:108)
	at org.testng.TestRunner.privateRun(TestRunner.java:756)
	at org.testng.TestRunner.run(TestRunner.java:610)
	at org.testng.SuiteRunner.runTest(SuiteRunner.java:387)
	at org.testng.SuiteRunner.runSequentially(SuiteRunner.java:382)
	at org.testng.SuiteRunner.privateRun(SuiteRunner.java:340)
	at org.testng.SuiteRunner.run(SuiteRunner.java:289)
	at org.testng.SuiteRunnerWorker.runSuite(SuiteRunnerWorker.java:52)
	at org.testng.SuiteRunnerWorker.run(SuiteRunnerWorker.java:86)
	at org.testng.TestNG.runSuitesSequentially(TestNG.java:1293)
	at org.testng.TestNG.runSuitesLocally(TestNG.java:1218)
	at org.testng.TestNG.runSuites(TestNG.java:1133)
	at org.testng.TestNG.run(TestNG.java:1104)
	at org.testng.remote.AbstractRemoteTestNG.run(AbstractRemoteTestNG.java:132)
	at org.testng.remote.RemoteTestNG.initAndRun(RemoteTestNG.java:236)
	at org.testng.remote.RemoteTestNG.main(RemoteTestNG.java:81)
]]>
    </failure>
  </testcase> <!-- @BeforeClass beforeClass -->
  <testcase name="@AfterClass afterClass" time="0.0" classname="com.wuu.android.test.BaseTest">
    <skipped/>
  </testcase> <!-- @AfterClass afterClass -->
  <testcase name="check_whether_the_starts_with_the_SignIn_or_up_screen" time="0.003" classname="com.wuu.android.test.onboarding.CompleteFunctionalyTest">
    <skipped/>
  </testcase> <!-- check_whether_the_starts_with_the_SignIn_or_up_screen -->
  <testcase name="check_whether_the_sign_in_button_proceeds_to_Whats_your_email_screen" time="0.001" classname="com.wuu.android.test.onboarding.CompleteFunctionalyTest">
    <skipped/>
  </testcase> <!-- check_whether_the_sign_in_button_proceeds_to_Whats_your_email_screen -->
  <testcase name="check_whether_entering_wrong_emails_proides_proper_error_message" time="0.001" classname="com.wuu.android.test.onboarding.CompleteFunctionalyTest">
    <skipped/>
  </testcase> <!-- check_whether_entering_wrong_emails_proides_proper_error_message -->
  <testcase name="check_whether_the_user_can_signIn_or_up_without_any_issue" time="0.001" classname="com.wuu.android.test.onboarding.CompleteFunctionalyTest">
    <skipped/>
  </testcase> <!-- check_whether_the_user_can_signIn_or_up_without_any_issue -->
  <testcase name="check_whether_user_can_access_contacts_and_proceed_to_stream_screen" time="0.001" classname="com.wuu.android.test.onboarding.CompleteFunctionalyTest">
    <skipped/>
  </testcase> <!-- check_whether_user_can_access_contacts_and_proceed_to_stream_screen -->
  <testcase name="check_whether_user_can_successfully_write_and_post_a_text_wuu" time="0.002" classname="com.wuu.android.test.onboarding.CompleteFunctionalyTest">
    <skipped/>
  </testcase> <!-- check_whether_user_can_successfully_write_and_post_a_text_wuu -->
</testsuite> <!-- Default test -->
